\BOOKMARK [0][-]{chapter*.3}{\376\377\000T\000a\000b\000e\000l\000l\000e\000n\000v\000e\000r\000z\000e\000i\000c\000h\000n\000i\000s}{}% 1
\BOOKMARK [0][-]{chapter*.4}{\376\377\000A\000b\000b\000i\000l\000d\000u\000n\000g\000s\000v\000e\000r\000z\000e\000i\000c\000h\000n\000i\000s}{}% 2
\BOOKMARK [0][-]{chapter*.5}{\376\377\000A\000b\000k\000\374\000r\000z\000u\000n\000g\000s\000v\000e\000r\000z\000e\000i\000c\000h\000n\000i\000s}{}% 3
\BOOKMARK [0][-]{chapter.1}{\376\377\000M\000o\000t\000i\000v\000a\000t\000i\000o\000n\000\040\000u\000n\000d\000\040\000A\000u\000f\000g\000a\000b\000e\000n\000s\000t\000e\000l\000l\000u\000n\000g}{}% 4
\BOOKMARK [1][-]{section.1.1}{\376\377\000M\000o\000t\000i\000v\000a\000t\000i\000o\000n}{chapter.1}% 5
\BOOKMARK [1][-]{section.1.2}{\376\377\000P\000r\000\374\000f\000s\000t\000\344\000n\000d\000e}{chapter.1}% 6
\BOOKMARK [1][-]{section.1.3}{\376\377\000D\000e\000t\000a\000i\000l\000l\000i\000e\000r\000t\000e\000\040\000A\000n\000f\000o\000r\000d\000e\000r\000u\000n\000g\000e\000n\000\040\000a\000n\000\040\000d\000a\000s\000\040\000P\000r\000\374\000f\000g\000e\000r\000\344\000t}{chapter.1}% 7
\BOOKMARK [2][-]{subsection.1.3.1}{\376\377\000S\000c\000h\000u\000t\000z\000g\000e\000r\000\344\000t\000\040\000C\000F\0003\0008\000\040\000m\000i\000t\000\040\000D\000r\000u\000c\000k\000s\000c\000h\000a\000l\000t\000e\000r}{section.1.3}% 8
\BOOKMARK [2][-]{subsection.1.3.2}{\376\377\000A\000n\000f\000o\000r\000d\000e\000r\000u\000n\000g\000e\000n}{section.1.3}% 9
\BOOKMARK [1][-]{section.1.4}{\376\377\000A\000u\000f\000g\000a\000b\000e\000n\000s\000t\000e\000l\000l\000u\000n\000g}{chapter.1}% 10
\BOOKMARK [0][-]{chapter.2}{\376\377\000M\000e\000s\000s\000t\000e\000c\000h\000n\000i\000k}{}% 11
\BOOKMARK [1][-]{section.2.1}{\376\377\000G\000r\000u\000n\000d\000l\000a\000g\000e\000n\000\040\000S\000e\000n\000s\000o\000r\000e\000n}{chapter.2}% 12
\BOOKMARK [1][-]{section.2.2}{\376\377\000A\000n\000a\000l\000o\000g\000\040\000D\000i\000g\000i\000t\000a\000l\000\040\000W\000a\000n\000d\000l\000e\000r}{chapter.2}% 13
\BOOKMARK [1][-]{section.2.3}{\376\377\000S\000A\000R\000\040\000A\000D\000C}{chapter.2}% 14
\BOOKMARK [1][-]{section.2.4}{\376\377\000D\000e\000l\000t\000a\000-\000S\000i\000g\000m\000a\000\040\000A\000D\000C}{chapter.2}% 15
\BOOKMARK [1][-]{section.2.5}{\376\377\000S\000c\000h\000a\000l\000t\000u\000n\000g\000s\000d\000e\000s\000i\000g\000n\000\040\000S\000t\000r\000o\000m\000m\000e\000s\000s\000u\000n\000g}{chapter.2}% 16
\BOOKMARK [0][-]{chapter.3}{\376\377\000M\000i\000k\000r\000o\000c\000o\000n\000t\000r\000o\000l\000l\000e\000r\000-\000P\000r\000o\000g\000r\000a\000m\000m\000i\000e\000r\000u\000n\000g}{}% 17
\BOOKMARK [1][-]{section.3.1}{\376\377\000G\000r\000u\000n\000d\000l\000a\000g\000e\000n\000\040\000d\000e\000r\000\040\000M\000i\000k\000r\000o\000c\000o\000n\000t\000r\000o\000l\000l\000e\000r\000-\000P\000r\000o\000g\000r\000a\000m\000m\000i\000e\000r\000u\000n\000g}{chapter.3}% 18
\BOOKMARK [1][-]{section.3.2}{\376\377\000E\000c\000h\000t\000z\000e\000i\000t\000b\000e\000t\000r\000i\000e\000b\000s\000s\000y\000s\000t\000e\000m\000e}{chapter.3}% 19
\BOOKMARK [1][-]{section.3.3}{\376\377\000S\000c\000h\000r\000i\000t\000t\000k\000e\000t\000t\000e\000n\000-\000P\000r\000o\000g\000r\000a\000m\000m\000i\000e\000r\000u\000n\000g}{chapter.3}% 20
\BOOKMARK [1][-]{section.3.4}{\376\377\000S\000t\000e\000u\000e\000r\000u\000n\000g\000-\000P\000r\000o\000g\000r\000a\000m\000m\000i\000e\000r\000u\000n\000g}{chapter.3}% 21
\BOOKMARK [0][-]{chapter.4}{\376\377\000K\000o\000m\000m\000u\000n\000i\000k\000a\000t\000i\000o\000n}{}% 22
\BOOKMARK [1][-]{section.4.1}{\376\377\000U\000S\000B}{chapter.4}% 23
\BOOKMARK [1][-]{section.4.2}{\376\377\000B\000u\000s\000\040\000S\000y\000s\000t\000e\000m\000e}{chapter.4}% 24
\BOOKMARK [2][-]{subsection.4.2.1}{\376\377\000R\000S\0002\0003\0002}{section.4.2}% 25
\BOOKMARK [2][-]{subsection.4.2.2}{\376\377\000R\000S\0004\0008\0005}{section.4.2}% 26
\BOOKMARK [2][-]{subsection.4.2.3}{\376\377\000C\000A\000N}{section.4.2}% 27
\BOOKMARK [2][-]{subsection.4.2.4}{\376\377\000E\000t\000h\000e\000r\000n\000e\000t}{section.4.2}% 28
\BOOKMARK [2][-]{subsection.4.2.5}{\376\377\000I\0002\000C}{section.4.2}% 29
\BOOKMARK [2][-]{subsection.4.2.6}{\376\377\000S\000P\000I}{section.4.2}% 30
\BOOKMARK [1][-]{section.4.3}{\376\377\000P\000r\000o\000t\000o\000k\000o\000l\000l\000e}{chapter.4}% 31
\BOOKMARK [2][-]{subsection.4.3.1}{\376\377\000M\000o\000d\000b\000u\000s}{section.4.3}% 32
\BOOKMARK [2][-]{subsection.4.3.2}{\376\377\000P\000r\000o\000f\000i\000b\000u\000s}{section.4.3}% 33
\BOOKMARK [2][-]{subsection.4.3.3}{\376\377\000T\000C\000P\000/\000I\000P}{section.4.3}% 34
\BOOKMARK [2][-]{subsection.4.3.4}{\376\377\000M\000Q\000T\000T}{section.4.3}% 35
\BOOKMARK [0][-]{chapter.5}{\376\377\000G\000r\000a\000f\000i\000s\000c\000h\000e\000\040\000B\000e\000n\000u\000t\000z\000e\000r\000o\000b\000e\000r\000f\000l\000\344\000c\000h\000e}{}% 36
\BOOKMARK [1][-]{section.5.1}{\376\377\000G\000r\000u\000n\000d\000l\000a\000g\000e\000n}{chapter.5}% 37
\BOOKMARK [2][-]{subsection.5.1.1}{\376\377\000H\000a\000r\000d\000w\000a\000r\000e}{section.5.1}% 38
\BOOKMARK [2][-]{subsection.5.1.2}{\376\377\000M\000o\000d\000e\000l\000-\000V\000i\000e\000w\000-\000P\000r\000e\000s\000e\000n\000t\000e\000r\000\040\000S\000t\000r\000u\000k\000t\000u\000r}{section.5.1}% 39
\BOOKMARK [1][-]{section.5.2}{\376\377\000M\000a\000t\000e\000r\000i\000a\000l\000\040\000D\000e\000s\000i\000g\000n}{chapter.5}% 40
\BOOKMARK [2][-]{subsection.5.2.1}{\376\377\000F\000a\000r\000b\000s\000y\000s\000t\000e\000m}{section.5.2}% 41
\BOOKMARK [2][-]{subsection.5.2.2}{\376\377\000L\000a\000y\000o\000u\000t\000s\000y\000s\000t\000e\000m}{section.5.2}% 42
\BOOKMARK [2][-]{subsection.5.2.3}{\376\377\000T\000y\000p\000o\000g\000r\000a\000f\000i\000e\000s\000y\000s\000t\000e\000m}{section.5.2}% 43
\BOOKMARK [2][-]{subsection.5.2.4}{\376\377\000D\000a\000r\000k\000\040\000T\000h\000e\000m\000e}{section.5.2}% 44
\BOOKMARK [1][-]{section.5.3}{\376\377\000F\000r\000a\000m\000e\000w\000o\000r\000k}{chapter.5}% 45
\BOOKMARK [2][-]{subsection.5.3.1}{\376\377\000E\000m\000b\000e\000d\000d\000e\000d\000\040\000w\000i\000z\000a\000r\000d}{section.5.3}% 46
\BOOKMARK [2][-]{subsection.5.3.2}{\376\377\000T\000o\000u\000c\000h\000G\000F\000X}{section.5.3}% 47
\BOOKMARK [2][-]{subsection.5.3.3}{\376\377\000L\000V\000G\000L}{section.5.3}% 48
\BOOKMARK [2][-]{subsection.5.3.4}{\376\377\000Q\000t\000\040\000f\000o\000r\000\040\000M\000C\000U}{section.5.3}% 49
\BOOKMARK [2][-]{subsection.5.3.5}{\376\377\000E\000l\000e\000c\000t\000r\000o\000n\000\040\000u\000n\000d\000\040\000R\000e\000a\000c\000t}{section.5.3}% 50
\BOOKMARK [0][-]{chapter.6}{\376\377\000D\000a\000t\000e\000n\000v\000e\000r\000a\000r\000b\000e\000i\000t\000u\000n\000g}{}% 51
\BOOKMARK [1][-]{section.6.1}{\376\377\000J\000S\000O\000N\000\040\000D\000a\000t\000e\000n\000f\000o\000r\000m\000a\000t}{chapter.6}% 52
\BOOKMARK [1][-]{section.6.2}{\376\377\000S\000e\000r\000i\000e\000l\000l\000e\000\040\000S\000c\000h\000n\000i\000t\000t\000s\000t\000e\000l\000l\000e\000\040\000m\000i\000t\000\040\000P\000y\000t\000h\000o\000n}{chapter.6}% 53
\BOOKMARK [1][-]{section.6.3}{\376\377\000D\000o\000k\000u\000m\000e\000n\000t\000e\000n\000g\000e\000n\000e\000r\000i\000e\000r\000u\000n\000g}{chapter.6}% 54
\BOOKMARK [2][-]{subsection.6.3.1}{\376\377\000W\000o\000r\000d}{section.6.3}% 55
\BOOKMARK [2][-]{subsection.6.3.2}{\376\377\000P\000D\000F}{section.6.3}% 56
\BOOKMARK [2][-]{subsection.6.3.3}{\376\377\000E\000x\000c\000e\000l}{section.6.3}% 57
\BOOKMARK [2][-]{subsection.6.3.4}{\376\377\000C\000S\000V}{section.6.3}% 58
\BOOKMARK [0][-]{chapter.7}{\376\377\000M\000e\000s\000s\000s\000y\000s\000t\000e\000m\000a\000n\000a\000l\000y\000s\000e}{}% 59
\BOOKMARK [1][-]{section.7.1}{\376\377\000G\000e\000n\000a\000u\000i\000g\000k\000e\000i\000t}{chapter.7}% 60
\BOOKMARK [1][-]{section.7.2}{\376\377\000S\000t\000a\000b\000i\000l\000i\000t\000\344\000t}{chapter.7}% 61
\BOOKMARK [1][-]{section.7.3}{\376\377\000P\000r\000\344\000z\000i\000s\000i\000o\000n}{chapter.7}% 62
\BOOKMARK [0][-]{chapter.8}{\376\377\000Z\000u\000s\000a\000m\000m\000e\000n\000f\000a\000s\000s\000u\000n\000g\000\040\000u\000n\000d\000\040\000A\000u\000s\000b\000l\000i\000c\000k}{}% 63
\BOOKMARK [1][-]{section.8.1}{\376\377\000Z\000u\000s\000a\000m\000m\000e\000n\000f\000a\000s\000s\000u\000n\000g}{chapter.8}% 64
\BOOKMARK [1][-]{section.8.2}{\376\377\000A\000u\000s\000b\000l\000i\000c\000k}{chapter.8}% 65
